2019.09.05 06:16:45 INFO  es[][o.e.e.NodeEnvironment] using [1] data paths, mounts [[/ (/dev/sda1)]], net usable_space [69.7gb], net total_space [97.3gb], types [ext4]
2019.09.05 06:16:45 INFO  es[][o.e.e.NodeEnvironment] heap size [494.9mb], compressed ordinary object pointers [true]
2019.09.05 06:16:45 INFO  es[][o.e.n.Node] node name [sonarqube], node ID [Y3j7sCfTSVG6YmlwNFWEdw]
2019.09.05 06:16:45 INFO  es[][o.e.n.Node] version[6.8.0], pid[15428], build[default/tar/65b6179/2019-05-15T20:06:13.172855Z], OS[Linux/4.15.0-60-generic/amd64], JVM[Oracle Corporation/OpenJDK 64-Bit Server VM/12.0.2/12.0.2+10]
2019.09.05 06:16:45 INFO  es[][o.e.n.Node] JVM arguments [-XX:+UseConcMarkSweepGC, -XX:CMSInitiatingOccupancyFraction=75, -XX:+UseCMSInitiatingOccupancyOnly, -Des.networkaddress.cache.ttl=60, -Des.networkaddress.cache.negative.ttl=10, -XX:+AlwaysPreTouch, -Xss1m, -Djava.awt.headless=true, -Dfile.encoding=UTF-8, -Djna.nosys=true, -XX:-OmitStackTraceInFastThrow, -Dio.netty.noUnsafe=true, -Dio.netty.noKeySetOptimization=true, -Dio.netty.recycler.maxCapacityPerThread=0, -Dlog4j.shutdownHookEnabled=false, -Dlog4j2.disable.jmx=true, -Djava.io.tmpdir=/home/kaunain/sonarqube-7.9.1/temp, -XX:ErrorFile=../logs/es_hs_err_pid%p.log, -Des.enforce.bootstrap.checks=true, -Xms512m, -Xmx512m, -XX:+HeapDumpOnOutOfMemoryError, -Des.path.home=/home/kaunain/sonarqube-7.9.1/elasticsearch, -Des.path.conf=/home/kaunain/sonarqube-7.9.1/temp/conf/es, -Des.distribution.flavor=default, -Des.distribution.type=tar]
2019.09.05 06:16:45 INFO  es[][o.e.p.PluginsService] loaded module [analysis-common]
2019.09.05 06:16:45 INFO  es[][o.e.p.PluginsService] loaded module [lang-painless]
2019.09.05 06:16:45 INFO  es[][o.e.p.PluginsService] loaded module [mapper-extras]
2019.09.05 06:16:45 INFO  es[][o.e.p.PluginsService] loaded module [parent-join]
2019.09.05 06:16:45 INFO  es[][o.e.p.PluginsService] loaded module [percolator]
2019.09.05 06:16:45 INFO  es[][o.e.p.PluginsService] loaded module [reindex]
2019.09.05 06:16:45 INFO  es[][o.e.p.PluginsService] loaded module [repository-url]
2019.09.05 06:16:45 INFO  es[][o.e.p.PluginsService] loaded module [transport-netty4]
2019.09.05 06:16:45 INFO  es[][o.e.p.PluginsService] no plugins loaded
2019.09.05 06:16:47 WARN  es[][o.e.d.c.s.Settings] [http.enabled] setting was deprecated in Elasticsearch and will be removed in a future release! See the breaking changes documentation for the next major version.
2019.09.05 06:16:47 INFO  es[][o.e.d.DiscoveryModule] using discovery type [zen] and host providers [settings]
2019.09.05 06:16:48 INFO  es[][o.e.n.Node] initialized
2019.09.05 06:16:48 INFO  es[][o.e.n.Node] starting ...
2019.09.05 06:16:48 INFO  es[][o.e.t.TransportService] publish_address {127.0.0.1:9001}, bound_addresses {127.0.0.1:9001}
2019.09.05 06:16:48 INFO  es[][o.e.b.BootstrapChecks] explicitly enforcing bootstrap checks
2019.09.05 06:16:48 ERROR es[][o.e.b.Bootstrap] node validation exception
[1] bootstrap checks failed
[1]: max virtual memory areas vm.max_map_count [65530] is too low, increase to at least [262144]
2019.09.05 06:16:48 INFO  es[][o.e.n.Node] stopping ...
2019.09.05 06:16:48 INFO  es[][o.e.n.Node] stopped
2019.09.05 06:16:48 INFO  es[][o.e.n.Node] closing ...
2019.09.05 06:16:48 INFO  es[][o.e.n.Node] closed
2019.09.05 06:20:38 INFO  es[][o.e.e.NodeEnvironment] using [1] data paths, mounts [[/ (/dev/sda1)]], net usable_space [69.7gb], net total_space [97.3gb], types [ext4]
2019.09.05 06:20:38 INFO  es[][o.e.e.NodeEnvironment] heap size [494.9mb], compressed ordinary object pointers [true]
2019.09.05 06:20:38 INFO  es[][o.e.n.Node] node name [sonarqube], node ID [Y3j7sCfTSVG6YmlwNFWEdw]
2019.09.05 06:20:38 INFO  es[][o.e.n.Node] version[6.8.0], pid[15787], build[default/tar/65b6179/2019-05-15T20:06:13.172855Z], OS[Linux/4.15.0-60-generic/amd64], JVM[Oracle Corporation/OpenJDK 64-Bit Server VM/12.0.2/12.0.2+10]
2019.09.05 06:20:38 INFO  es[][o.e.n.Node] JVM arguments [-XX:+UseConcMarkSweepGC, -XX:CMSInitiatingOccupancyFraction=75, -XX:+UseCMSInitiatingOccupancyOnly, -Des.networkaddress.cache.ttl=60, -Des.networkaddress.cache.negative.ttl=10, -XX:+AlwaysPreTouch, -Xss1m, -Djava.awt.headless=true, -Dfile.encoding=UTF-8, -Djna.nosys=true, -XX:-OmitStackTraceInFastThrow, -Dio.netty.noUnsafe=true, -Dio.netty.noKeySetOptimization=true, -Dio.netty.recycler.maxCapacityPerThread=0, -Dlog4j.shutdownHookEnabled=false, -Dlog4j2.disable.jmx=true, -Djava.io.tmpdir=/home/kaunain/sonarqube-7.9.1/temp, -XX:ErrorFile=../logs/es_hs_err_pid%p.log, -Des.enforce.bootstrap.checks=true, -Xms512m, -Xmx512m, -XX:+HeapDumpOnOutOfMemoryError, -Des.path.home=/home/kaunain/sonarqube-7.9.1/elasticsearch, -Des.path.conf=/home/kaunain/sonarqube-7.9.1/temp/conf/es, -Des.distribution.flavor=default, -Des.distribution.type=tar]
2019.09.05 06:20:39 INFO  es[][o.e.p.PluginsService] loaded module [analysis-common]
2019.09.05 06:20:39 INFO  es[][o.e.p.PluginsService] loaded module [lang-painless]
2019.09.05 06:20:39 INFO  es[][o.e.p.PluginsService] loaded module [mapper-extras]
2019.09.05 06:20:39 INFO  es[][o.e.p.PluginsService] loaded module [parent-join]
2019.09.05 06:20:39 INFO  es[][o.e.p.PluginsService] loaded module [percolator]
2019.09.05 06:20:39 INFO  es[][o.e.p.PluginsService] loaded module [reindex]
2019.09.05 06:20:39 INFO  es[][o.e.p.PluginsService] loaded module [repository-url]
2019.09.05 06:20:39 INFO  es[][o.e.p.PluginsService] loaded module [transport-netty4]
2019.09.05 06:20:39 INFO  es[][o.e.p.PluginsService] no plugins loaded
2019.09.05 06:20:40 WARN  es[][o.e.d.c.s.Settings] [http.enabled] setting was deprecated in Elasticsearch and will be removed in a future release! See the breaking changes documentation for the next major version.
2019.09.05 06:20:41 INFO  es[][o.e.d.DiscoveryModule] using discovery type [zen] and host providers [settings]
2019.09.05 06:20:41 INFO  es[][o.e.n.Node] initialized
2019.09.05 06:20:41 INFO  es[][o.e.n.Node] starting ...
2019.09.05 06:20:41 INFO  es[][o.e.t.TransportService] publish_address {127.0.0.1:9001}, bound_addresses {127.0.0.1:9001}
2019.09.05 06:20:41 INFO  es[][o.e.b.BootstrapChecks] explicitly enforcing bootstrap checks
2019.09.05 06:20:44 INFO  es[][o.e.c.s.MasterService] zen-disco-elected-as-master ([0] nodes joined), reason: new_master {sonarqube}{Y3j7sCfTSVG6YmlwNFWEdw}{JvUxx77MR2SwTVRW0UOoPA}{127.0.0.1}{127.0.0.1:9001}{rack_id=sonarqube}
2019.09.05 06:20:44 INFO  es[][o.e.c.s.ClusterApplierService] new_master {sonarqube}{Y3j7sCfTSVG6YmlwNFWEdw}{JvUxx77MR2SwTVRW0UOoPA}{127.0.0.1}{127.0.0.1:9001}{rack_id=sonarqube}, reason: apply cluster state (from master [master {sonarqube}{Y3j7sCfTSVG6YmlwNFWEdw}{JvUxx77MR2SwTVRW0UOoPA}{127.0.0.1}{127.0.0.1:9001}{rack_id=sonarqube} committed version [1] source [zen-disco-elected-as-master ([0] nodes joined)]])
2019.09.05 06:20:44 INFO  es[][o.e.n.Node] started
2019.09.05 06:20:44 INFO  es[][o.e.g.GatewayService] recovered [0] indices into cluster_state
2019.09.05 06:20:54 INFO  es[][o.e.c.m.MetaDataCreateIndexService] [metadatas] creating index, cause [api], templates [], shards [1]/[0], mappings []
2019.09.05 06:20:55 INFO  es[][o.e.c.r.a.AllocationService] Cluster health status changed from [YELLOW] to [GREEN] (reason: [shards started [[metadatas][0]] ...]).
2019.09.05 06:20:55 INFO  es[][o.e.c.m.MetaDataMappingService] [metadatas/UY7a-KJsQh2qSfNYmrpg8w] create_mapping [metadata]
2019.09.05 06:20:55 INFO  es[][o.e.c.m.MetaDataCreateIndexService] [components] creating index, cause [api], templates [], shards [5]/[0], mappings []
2019.09.05 06:20:55 INFO  es[][o.e.c.r.a.AllocationService] Cluster health status changed from [YELLOW] to [GREEN] (reason: [shards started [[components][4]] ...]).
2019.09.05 06:20:55 INFO  es[][o.e.c.m.MetaDataMappingService] [components/sUhtXOcpQVm8YT7s4d4TqA] create_mapping [auth]
2019.09.05 06:20:55 INFO  es[][o.e.c.m.MetaDataCreateIndexService] [projectmeasures] creating index, cause [api], templates [], shards [5]/[0], mappings []
2019.09.05 06:20:56 INFO  es[][o.e.c.r.a.AllocationService] Cluster health status changed from [YELLOW] to [GREEN] (reason: [shards started [[projectmeasures][4]] ...]).
2019.09.05 06:20:56 INFO  es[][o.e.c.m.MetaDataMappingService] [projectmeasures/wnHmu0p8TRaTfSf1gIpQ1A] create_mapping [auth]
2019.09.05 06:20:56 INFO  es[][o.e.c.m.MetaDataCreateIndexService] [rules] creating index, cause [api], templates [], shards [2]/[0], mappings []
2019.09.05 06:20:56 INFO  es[][o.e.c.r.a.AllocationService] Cluster health status changed from [YELLOW] to [GREEN] (reason: [shards started [[rules][0]] ...]).
2019.09.05 06:20:56 INFO  es[][o.e.c.m.MetaDataMappingService] [rules/Kczo4ZnPQzCl_mWPDqXYow] create_mapping [rule]
2019.09.05 06:20:56 INFO  es[][o.e.c.m.MetaDataCreateIndexService] [issues] creating index, cause [api], templates [], shards [5]/[0], mappings []
2019.09.05 06:20:56 INFO  es[][o.e.c.r.a.AllocationService] Cluster health status changed from [YELLOW] to [GREEN] (reason: [shards started [[issues][4]] ...]).
2019.09.05 06:20:56 INFO  es[][o.e.c.m.MetaDataMappingService] [issues/TXtaXKlDQMuphBChZ97o-Q] create_mapping [auth]
2019.09.05 06:20:56 INFO  es[][o.e.c.m.MetaDataCreateIndexService] [users] creating index, cause [api], templates [], shards [1]/[0], mappings []
2019.09.05 06:20:56 INFO  es[][o.e.c.r.a.AllocationService] Cluster health status changed from [YELLOW] to [GREEN] (reason: [shards started [[users][0]] ...]).
2019.09.05 06:20:56 INFO  es[][o.e.c.m.MetaDataMappingService] [users/YjAdwFTpQ8q1tWQxNbTOwg] create_mapping [user]
2019.09.05 06:20:56 INFO  es[][o.e.c.m.MetaDataCreateIndexService] [views] creating index, cause [api], templates [], shards [5]/[0], mappings []
2019.09.05 06:20:57 INFO  es[][o.e.c.r.a.AllocationService] Cluster health status changed from [YELLOW] to [GREEN] (reason: [shards started [[views][4]] ...]).
2019.09.05 06:20:57 INFO  es[][o.e.c.m.MetaDataMappingService] [views/zyOFDBy_QDq_g5GHVxc6pQ] create_mapping [view]
2019.09.05 06:21:11 INFO  es[][o.e.c.s.IndexScopedSettings] updating [index.refresh_interval] from [30s] to [-1]
2019.09.05 06:21:11 INFO  es[][o.e.c.s.IndexScopedSettings] updating [index.refresh_interval] from [30s] to [-1]
2019.09.05 06:21:11 INFO  es[][o.e.c.s.IndexScopedSettings] updating [index.refresh_interval] from [-1] to [30s]
2019.09.05 06:21:11 INFO  es[][o.e.c.s.IndexScopedSettings] updating [index.refresh_interval] from [-1] to [30s]
2019.09.05 06:21:11 INFO  es[][o.e.c.s.IndexScopedSettings] updating [index.refresh_interval] from [30s] to [-1]
2019.09.05 06:21:11 INFO  es[][o.e.c.s.IndexScopedSettings] updating [index.refresh_interval] from [30s] to [-1]
2019.09.05 06:21:11 INFO  es[][o.e.c.s.IndexScopedSettings] updating [index.refresh_interval] from [-1] to [30s]
2019.09.05 06:21:11 INFO  es[][o.e.c.s.IndexScopedSettings] updating [index.refresh_interval] from [-1] to [30s]
2019.09.05 06:40:34 WARN  es[][o.e.d.i.q.BoolQueryBuilder] Should clauses in the filter context will no longer automatically set the minimum should match to 1 in the next major version. You should group them in a [filter] clause or explicitly set [minimum_should_match] to 1 to restore this behavior in the next major version.
